kotlin version: 2.1.21
error message: org.jetbrains.kotlin.backend.common.BackendException: Backend Internal error: Exception during IR lowering
File being compiled: /Users/usman.siddiqui/Documents/Android/FactPedia/core/src/main/java/com/sample/factpedia/core/util/toUiMessageRes.kt
The root cause java.lang.RuntimeException was thrown at: org.jetbrains.kotlin.backend.jvm.codegen.FunctionCodegen.generate(FunctionCodegen.kt:48)
	at org.jetbrains.kotlin.backend.common.CodegenUtil.reportBackendException(CodegenUtil.kt:107)
	at org.jetbrains.kotlin.backend.common.CodegenUtil.reportBackendException$default(CodegenUtil.kt:90)
	at org.jetbrains.kotlin.backend.common.phaser.PerformByIrFilePhase.invokeSequential(performByIrFile.kt:54)
	at org.jetbrains.kotlin.backend.common.phaser.PerformByIrFilePhase.invoke(performByIrFile.kt:41)
	at org.jetbrains.kotlin.backend.common.phaser.PerformByIrFilePhase.invoke(performByIrFile.kt:27)
	at org.jetbrains.kotlin.config.phaser.CompilerPhaseKt.invokeToplevel(CompilerPhase.kt:62)
	at org.jetbrains.kotlin.backend.jvm.JvmIrCodegenFactory.invokeCodegen(JvmIrCodegenFactory.kt:371)
	at org.jetbrains.kotlin.cli.jvm.compiler.KotlinToJVMBytecodeCompiler.runCodegen$cli(KotlinToJVMBytecodeCompiler.kt:413)
	at org.jetbrains.kotlin.cli.pipeline.jvm.JvmBackendPipelinePhase.executePhase(JvmBackendPipelinePhase.kt:98)
	at org.jetbrains.kotlin.cli.pipeline.jvm.JvmBackendPipelinePhase.executePhase(JvmBackendPipelinePhase.kt:30)
	at org.jetbrains.kotlin.cli.pipeline.PipelinePhase.phaseBody(PipelinePhase.kt:68)
	at org.jetbrains.kotlin.cli.pipeline.PipelinePhase.phaseBody(PipelinePhase.kt:58)
	at org.jetbrains.kotlin.config.phaser.SimpleNamedCompilerPhase.phaseBody(CompilerPhase.kt:215)
	at org.jetbrains.kotlin.config.phaser.NamedCompilerPhase.invoke(CompilerPhase.kt:111)
	at org.jetbrains.kotlin.backend.common.phaser.CompositePhase.invoke(PhaseBuilders.kt:28)
	at org.jetbrains.kotlin.config.phaser.CompilerPhaseKt.invokeToplevel(CompilerPhase.kt:62)
	at org.jetbrains.kotlin.cli.pipeline.AbstractCliPipeline.runPhasedPipeline(AbstractCliPipeline.kt:106)
	at org.jetbrains.kotlin.cli.pipeline.AbstractCliPipeline.execute(AbstractCliPipeline.kt:65)
	at org.jetbrains.kotlin.cli.jvm.K2JVMCompiler.doExecutePhased(K2JVMCompiler.kt:61)
	at org.jetbrains.kotlin.cli.jvm.K2JVMCompiler.doExecutePhased(K2JVMCompiler.kt:36)
	at org.jetbrains.kotlin.cli.common.CLICompiler.execImpl(CLICompiler.kt:80)
	at org.jetbrains.kotlin.cli.common.CLICompiler.exec(CLICompiler.kt:337)
	at org.jetbrains.kotlin.incremental.IncrementalJvmCompilerRunner.runCompiler(IncrementalJvmCompilerRunner.kt:466)
	at org.jetbrains.kotlin.incremental.IncrementalJvmCompilerRunner.runCompiler(IncrementalJvmCompilerRunner.kt:75)
	at org.jetbrains.kotlin.incremental.IncrementalCompilerRunner.doCompile(IncrementalCompilerRunner.kt:514)
	at org.jetbrains.kotlin.incremental.IncrementalCompilerRunner.compileImpl(IncrementalCompilerRunner.kt:431)
	at org.jetbrains.kotlin.incremental.IncrementalCompilerRunner.tryCompileIncrementally$lambda$10$compile(IncrementalCompilerRunner.kt:258)
	at org.jetbrains.kotlin.incremental.IncrementalCompilerRunner.tryCompileIncrementally(IncrementalCompilerRunner.kt:276)
	at org.jetbrains.kotlin.incremental.IncrementalCompilerRunner.compile(IncrementalCompilerRunner.kt:128)
	at org.jetbrains.kotlin.daemon.CompileServiceImplBase.execIncrementalCompiler(CompileServiceImpl.kt:678)
	at org.jetbrains.kotlin.daemon.CompileServiceImplBase.access$execIncrementalCompiler(CompileServiceImpl.kt:92)
	at org.jetbrains.kotlin.daemon.CompileServiceImpl.compile(CompileServiceImpl.kt:1805)
	at java.base/jdk.internal.reflect.DirectMethodHandleAccessor.invoke(Unknown Source)
	at java.base/java.lang.reflect.Method.invoke(Unknown Source)
	at java.rmi/sun.rmi.server.UnicastServerRef.dispatch(Unknown Source)
	at java.rmi/sun.rmi.transport.Transport$1.run(Unknown Source)
	at java.rmi/sun.rmi.transport.Transport$1.run(Unknown Source)
	at java.base/java.security.AccessController.doPrivileged(Unknown Source)
	at java.rmi/sun.rmi.transport.Transport.serviceCall(Unknown Source)
	at java.rmi/sun.rmi.transport.tcp.TCPTransport.handleMessages(Unknown Source)
	at java.rmi/sun.rmi.transport.tcp.TCPTransport$ConnectionHandler.run0(Unknown Source)
	at java.rmi/sun.rmi.transport.tcp.TCPTransport$ConnectionHandler.lambda$run$0(Unknown Source)
	at java.base/java.security.AccessController.doPrivileged(Unknown Source)
	at java.rmi/sun.rmi.transport.tcp.TCPTransport$ConnectionHandler.run(Unknown Source)
	at java.base/java.util.concurrent.ThreadPoolExecutor.runWorker(Unknown Source)
	at java.base/java.util.concurrent.ThreadPoolExecutor$Worker.run(Unknown Source)
	at java.base/java.lang.Thread.run(Unknown Source)
Caused by: java.lang.RuntimeException: Exception while generating code for:
FUN name:toUiMessageRes visibility:public modality:FINAL <> ($receiver:com.sample.factpedia.core.common.result.DataError) returnType:kotlin.String
  annotations:
    Composable
  $receiver: VALUE_PARAMETER name:<this> type:com.sample.factpedia.core.common.result.DataError
  BLOCK_BODY
    VAR name:context type:android.content.Context [val]
      CALL 'public final fun <get-current> (): T of androidx.compose.runtime.CompositionLocal [inline] declared in androidx.compose.runtime.CompositionLocal' type=android.content.Context origin=GET_PROPERTY
        $this: TYPE_OP type=androidx.compose.runtime.CompositionLocal<T of androidx.compose.runtime.CompositionLocal> origin=IMPLICIT_CAST typeOperand=androidx.compose.runtime.CompositionLocal<T of androidx.compose.runtime.CompositionLocal>
          CALL 'public final fun <get-LocalContext> (): androidx.compose.runtime.ProvidableCompositionLocal<android.content.Context> declared in androidx.compose.ui.platform.AndroidCompositionLocals_androidKt' type=androidx.compose.runtime.ProvidableCompositionLocal<android.content.Context> origin=GET_PROPERTY
    RETURN type=kotlin.Nothing from='public final fun toUiMessageRes (): kotlin.String declared in com.sample.factpedia.core.util.ToUiMessageResKt'
      BLOCK type=kotlin.String origin=WHEN
        VAR IR_TEMPORARY_VARIABLE name:tmp0_subject type:com.sample.factpedia.core.common.result.DataError [val]
          GET_VAR '<this>: com.sample.factpedia.core.common.result.DataError declared in com.sample.factpedia.core.util.ToUiMessageResKt.toUiMessageRes' type=com.sample.factpedia.core.common.result.DataError origin=null
        WHEN type=kotlin.String origin=WHEN
          BRANCH
            if: TYPE_OP type=kotlin.Boolean origin=INSTANCEOF typeOperand=com.sample.factpedia.core.common.result.DataError.Network
              GET_VAR 'val tmp0_subject: com.sample.factpedia.core.common.result.DataError [val] declared in com.sample.factpedia.core.util.ToUiMessageResKt.toUiMessageRes' type=com.sample.factpedia.core.common.result.DataError origin=null
            then: BLOCK type=kotlin.String origin=WHEN
              VAR IR_TEMPORARY_VARIABLE name:tmp1_subject type:com.sample.factpedia.core.common.result.DataError.Network [val]
                TYPE_OP type=com.sample.factpedia.core.common.result.DataError.Network origin=IMPLICIT_CAST typeOperand=com.sample.factpedia.core.common.result.DataError.Network
                  GET_VAR '<this>: com.sample.factpedia.core.common.result.DataError declared in com.sample.factpedia.core.util.ToUiMessageResKt.toUiMessageRes' type=com.sample.factpedia.core.common.result.DataError origin=null
              VAR IR_TEMPORARY_VARIABLE name:tmp0 type:kotlin.Int [val]
                CALL 'public final fun get (index: kotlin.Int): kotlin.Int [operator] declared in kotlin.IntArray' type=kotlin.Int origin=null
                  $this: GET_FIELD 'FIELD ENUM_MAPPINGS_FOR_WHEN name:$EnumSwitchMapping$0 type:kotlin.IntArray visibility:public [final,static] declared in com.sample.factpedia.core.util.ToUiMessageResKt.WhenMappings' type=kotlin.IntArray origin=null
                  index: CALL 'public final fun <get-ordinal> (): kotlin.Int [fake_override] declared in com.sample.factpedia.core.common.result.DataError.Network' type=kotlin.Int origin=null
                    $this: GET_VAR 'val tmp1_subject: com.sample.factpedia.core.common.result.DataError.Network [val] declared in com.sample.factpedia.core.util.ToUiMessageResKt.toUiMessageRes' type=com.sample.factpedia.core.common.result.DataError.Network origin=null
              WHEN type=kotlin.String origin=WHEN
                BRANCH
                  if: CALL 'public final fun EQEQ (arg0: kotlin.Any?, arg1: kotlin.Any?): kotlin.Boolean declared in kotlin.internal.ir' type=kotlin.Boolean origin=null
                    arg0: GET_VAR 'val tmp0: kotlin.Int [val] declared in com.sample.factpedia.core.util.ToUiMessageResKt.toUiMessageRes' type=kotlin.Int origin=null
                    arg1: CONST Int type=kotlin.Int value=1
                  then: BLOCK type=kotlin.String origin=null
                    VAR IR_TEMPORARY_VARIABLE name:tmp0 type:kotlin.Any? [val]
                      CALL 'public final fun getString (p0: kotlin.Int): @[EnhancedNullability] kotlin.String declared in android.content.Context' type=@[EnhancedNullability] kotlin.String origin=null
                        $this: GET_VAR 'val context: android.content.Context [val] declared in com.sample.factpedia.core.util.ToUiMessageResKt.toUiMessageRes' type=android.content.Context origin=null
                        p0: GET_FIELD 'FIELD IR_EXTERNAL_JAVA_DECLARATION_STUB name:error_bad_request type:kotlin.Int visibility:public [static] declared in com.sample.factpedia.core.R.string' type=kotlin.Int superQualifierSymbol=com.sample.factpedia.core.R.string origin=null
                    CALL 'public final fun checkNotNullExpressionValue (value: kotlin.Any?, expression: kotlin.String): kotlin.Unit declared in kotlin.jvm.internal.Intrinsics' type=kotlin.Unit origin=null
                      value: GET_VAR 'val tmp0: kotlin.Any? [val] declared in com.sample.factpedia.core.util.ToUiMessageResKt.toUiMessageRes' type=kotlin.Any? origin=null
                      expression: CONST String type=kotlin.String value="getString(...)"
                    GET_VAR 'val tmp0: kotlin.Any? [val] declared in com.sample.factpedia.core.util.ToUiMessageResKt.toUiMessageRes' type=kotlin.Any? origin=null
                BRANCH
                  if: CALL 'public final fun EQEQ (arg0: kotlin.Any?, arg1: kotlin.Any?): kotlin.Boolean declared in kotlin.internal.ir' type=kotlin.Boolean origin=null
                    arg0: GET_VAR 'val tmp0: kotlin.Int [val] declared in com.sample.factpedia.core.util.ToUiMessageResKt.toUiMessageRes' type=kotlin.Int origin=null
                    arg1: CONST Int type=kotlin.Int value=2
                  then: BLOCK type=kotlin.String origin=null
                    VAR IR_TEMPORARY_VARIABLE name:tmp1 type:kotlin.Any? [val]
                      CALL 'public final fun getString (p0: kotlin.Int): @[EnhancedNullability] kotlin.String declared in android.content.Context' type=@[EnhancedNullability] kotlin.String origin=null
                        $this: GET_VAR 'val context: android.content.Context [val] declared in com.sample.factpedia.core.util.ToUiMessageResKt.toUiMessageRes' type=android.content.Context origin=null
                        p0: GET_FIELD 'FIELD IR_EXTERNAL_JAVA_DECLARATION_STUB name:error_conflict type:kotlin.Int visibility:public [static] declared in com.sample.factpedia.core.R.string' type=kotlin.Int superQualifierSymbol=com.sample.factpedia.core.R.string origin=null
                    CALL 'public final fun checkNotNullExpressionValue (value: kotlin.Any?, expression: kotlin.String): kotlin.Unit declared in kotlin.jvm.internal.Intrinsics' type=kotlin.Unit origin=null
                      value: GET_VAR 'val tmp1: kotlin.Any? [val] declared in com.sample.factpedia.core.util.ToUiMessageResKt.toUiMessageRes' type=kotlin.Any? origin=null
                      expression: CONST String type=kotlin.String value="getString(...)"
                    GET_VAR 'val tmp1: kotlin.Any? [val] declared in com.sample.factpedia.core.util.ToUiMessageResKt.toUiMessageRes' type=kotlin.Any? origin=null
                BRANCH
                  if: CALL 'public final fun EQEQ (arg0: kotlin.Any?, arg1: kotlin.Any?): kotlin.Boolean declared in kotlin.internal.ir' type=kotlin.Boolean origin=null
                    arg0: GET_VAR 'val tmp0: kotlin.Int [val] declared in com.sample.factpedia.core.util.ToUiMessageResKt.toUiMessageRes' type=kotlin.Int origin=null
                    arg1: CONST Int type=kotlin.Int value=3
                  then: BLOCK type=kotlin.String origin=null
                    VAR IR_TEMPORARY_VARIABLE name:tmp2 type:kotlin.Any? [val]
                      CALL 'public final fun getString (p0: kotlin.Int): @[EnhancedNullability] kotlin.String declared in android.content.Context' type=@[EnhancedNullability] kotlin.String origin=null
                        $this: GET_VAR 'val context: android.content.Context [val] declared in com.sample.factpedia.core.util.ToUiMessageResKt.toUiMessageRes' type=android.content.Context origin=null
                        p0: GET_FIELD 'FIELD IR_EXTERNAL_JAVA_DECLARATION_STUB name:error_forbidden type:kotlin.Int visibility:public [static] declared in com.sample.factpedia.core.R.string' type=kotlin.Int superQualifierSymbol=com.sample.factpedia.core.R.string origin=null
                    CALL 'public final fun checkNotNullExpressionValue (value: kotlin.Any?, expression: kotlin.String): kotlin.Unit declared in kotlin.jvm.internal.Intrinsics' type=kotlin.Unit origin=null
                      value: GET_VAR 'val tmp2: kotlin.Any? [val] declared in com.sample.factpedia.core.util.ToUiMessageResKt.toUiMessageRes' type=kotlin.Any? origin=null
                      expression: CONST String type=kotlin.String value="getString(...)"
                    GET_VAR 'val tmp2: kotlin.Any? [val] declared in com.sample.factpedia.core.util.ToUiMessageResKt.toUiMessageRes' type=kotlin.Any? origin=null
                BRANCH
                  if: CALL 'public final fun EQEQ (arg0: kotlin.Any?, arg1: kotlin.Any?): kotlin.Boolean declared in kotlin.internal.ir' type=kotlin.Boolean origin=null
                    arg0: GET_VAR 'val tmp0: kotlin.Int [val] declared in com.sample.factpedia.core.util.ToUiMessageResKt.toUiMessageRes' type=kotlin.Int origin=null
                    arg1: CONST Int type=kotlin.Int value=4
                  then: BLOCK type=kotlin.String origin=null
                    VAR IR_TEMPORARY_VARIABLE name:tmp3 type:kotlin.Any? [val]
                      CALL 'public final fun getString (p0: kotlin.Int): @[EnhancedNullability] kotlin.String declared in android.content.Context' type=@[EnhancedNullability] kotlin.String origin=null
                        $this: GET_VAR 'val context: android.content.Context [val] declared in com.sample.factpedia.core.util.ToUiMessageResKt.toUiMessageRes' type=android.content.Context origin=null
                        p0: GET_FIELD 'FIELD IR_EXTERNAL_JAVA_DECLARATION_STUB name:error_internal_server type:kotlin.Int visibility:public [static] declared in com.sample.factpedia.core.R.string' type=kotlin.Int superQualifierSymbol=com.sample.factpedia.core.R.string origin=null
                    CALL 'public final fun checkNotNullExpressionValue (value: kotlin.Any?, expression: kotlin.String): kotlin.Unit declared in kotlin.jvm.internal.Intrinsics' type=kotlin.Unit origin=null
                      value: GET_VAR 'val tmp3: kotlin.Any? [val] declared in com.sample.factpedia.core.util.ToUiMessageResKt.toUiMessageRes' type=kotlin.Any? origin=null
                      expression: CONST String type=kotlin.String value="getString(...)"
                    GET_VAR 'val tmp3: kotlin.Any? [val] declared in com.sample.factpedia.core.util.ToUiMessageResKt.toUiMessageRes' type=kotlin.Any? origin=null
                BRANCH
                  if: CALL 'public final fun EQEQ (arg0: kotlin.Any?, arg1: kotlin.Any?): kotlin.Boolean declared in kotlin.internal.ir' type=kotlin.Boolean origin=null
                    arg0: GET_VAR 'val tmp0: kotlin.Int [val] declared in com.sample.factpedia.core.util.ToUiMessageResKt.toUiMessageRes' type=kotlin.Int origin=null
                    arg1: CONST Int type=kotlin.Int value=5
                  then: BLOCK type=kotlin.String origin=null
                    VAR IR_TEMPORARY_VARIABLE name:tmp4 type:kotlin.Any? [val]
                      CALL 'public final fun getString (p0: kotlin.Int): @[EnhancedNullability] kotlin.String declared in android.content.Context' type=@[EnhancedNullability] kotlin.String origin=null
                        $this: GET_VAR 'val context: android.content.Context [val] declared in com.sample.factpedia.core.util.ToUiMessageResKt.toUiMessageRes' type=android.content.Context origin=null
                        p0: GET_FIELD 'FIELD IR_EXTERNAL_JAVA_DECLARATION_STUB name:error_not_found type:kotlin.Int visibility:public [static] declared in com.sample.factpedia.core.R.string' type=kotlin.Int superQualifierSymbol=com.sample.factpedia.core.R.string origin=null
                    CALL 'public final fun checkNotNullExpressionValue (value: kotlin.Any?, expression: kotlin.String): kotlin.Unit declared in kotlin.jvm.internal.Intrinsics' type=kotlin.Unit origin=null
                      value: GET_VAR 'val tmp4: kotlin.Any? [val] declared in com.sample.factpedia.core.util.ToUiMessageResKt.toUiMessageRes' type=kotlin.Any? origin=null
                      expression: CONST String type=kotlin.String value="getString(...)"
                    GET_VAR 'val tmp4: kotlin.Any? [val] declared in com.sample.factpedia.core.util.ToUiMessageResKt.toUiMessageRes' type=kotlin.Any? origin=null
                BRANCH
                  if: CALL 'public final fun EQEQ (arg0: kotlin.Any?, arg1: kotlin.Any?): kotlin.Boolean declared in kotlin.internal.ir' type=kotlin.Boolean origin=null
                    arg0: GET_VAR 'val tmp0: kotlin.Int [val] declared in com.sample.factpedia.core.util.ToUiMessageResKt.toUiMessageRes' type=kotlin.Int origin=null
                    arg1: CONST Int type=kotlin.Int value=6
                  then: BLOCK type=kotlin.String origin=null
                    VAR IR_TEMPORARY_VARIABLE name:tmp5 type:kotlin.Any? [val]
                      CALL 'public final fun getString (p0: kotlin.Int): @[EnhancedNullability] kotlin.String declared in android.content.Context' type=@[EnhancedNullability] kotlin.String origin=null
                        $this: GET_VAR 'val context: android.content.Context [val] declared in com.sample.factpedia.core.util.ToUiMessageResKt.toUiMessageRes' type=android.content.Context origin=null
                        p0: GET_FIELD 'FIELD IR_EXTERNAL_JAVA_DECLARATION_STUB name:error_timeout type:kotlin.Int visibility:public [static] declared in com.sample.factpedia.core.R.string' type=kotlin.Int superQualifierSymbol=com.sample.factpedia.core.R.string origin=null
                    CALL 'public final fun checkNotNullExpressionValue (value: kotlin.Any?, expression: kotlin.String): kotlin.Unit declared in kotlin.jvm.internal.Intrinsics' type=kotlin.Unit origin=null
                      value: GET_VAR 'val tmp5: kotlin.Any? [val] declared in com.sample.factpedia.core.util.ToUiMessageResKt.toUiMessageRes' type=kotlin.Any? origin=null
                      expression: CONST String type=kotlin.String value="getString(...)"
                    GET_VAR 'val tmp5: kotlin.Any? [val] declared in com.sample.factpedia.core.util.ToUiMessageResKt.toUiMessageRes' type=kotlin.Any? origin=null
                BRANCH
                  if: CALL 'public final fun EQEQ (arg0: kotlin.Any?, arg1: kotlin.Any?): kotlin.Boolean declared in kotlin.internal.ir' type=kotlin.Boolean origin=null
                    arg0: GET_VAR 'val tmp0: kotlin.Int [val] declared in com.sample.factpedia.core.util.ToUiMessageResKt.toUiMessageRes' type=kotlin.Int origin=null
                    arg1: CONST Int type=kotlin.Int value=7
                  then: BLOCK type=kotlin.String origin=null
                    VAR IR_TEMPORARY_VARIABLE name:tmp6 type:kotlin.Any? [val]
                      CALL 'public final fun getString (p0: kotlin.Int): @[EnhancedNullability] kotlin.String declared in android.content.Context' type=@[EnhancedNullability] kotlin.String origin=null
                        $this: GET_VAR 'val context: android.content.Context [val] declared in com.sample.factpedia.core.util.ToUiMessageResKt.toUiMessageRes' type=android.content.Context origin=null
                        p0: GET_FIELD 'FIELD IR_EXTERNAL_JAVA_DECLARATION_STUB name:error_unauthorized type:kotlin.Int visibility:public [static] declared in com.sample.factpedia.core.R.string' type=kotlin.Int superQualifierSymbol=com.sample.factpedia.core.R.string origin=null
                    CALL 'public final fun checkNotNullExpressionValue (value: kotlin.Any?, expression: kotlin.String): kotlin.Unit declared in kotlin.jvm.internal.Intrinsics' type=kotlin.Unit origin=null
                      value: GET_VAR 'val tmp6: kotlin.Any? [val] declared in com.sample.factpedia.core.util.ToUiMessageResKt.toUiMessageRes' type=kotlin.Any? origin=null
                      expression: CONST String type=kotlin.String value="getString(...)"
                    GET_VAR 'val tmp6: kotlin.Any? [val] declared in com.sample.factpedia.core.util.ToUiMessageResKt.toUiMessageRes' type=kotlin.Any? origin=null
                BRANCH
                  if: CALL 'public final fun EQEQ (arg0: kotlin.Any?, arg1: kotlin.Any?): kotlin.Boolean declared in kotlin.internal.ir' type=kotlin.Boolean origin=null
                    arg0: GET_VAR 'val tmp0: kotlin.Int [val] declared in com.sample.factpedia.core.util.ToUiMessageResKt.toUiMessageRes' type=kotlin.Int origin=null
                    arg1: CONST Int type=kotlin.Int value=8
                  then: BLOCK type=kotlin.String origin=null
                    VAR IR_TEMPORARY_VARIABLE name:tmp7 type:kotlin.Any? [val]
                      CALL 'public final fun getString (p0: kotlin.Int): @[EnhancedNullability] kotlin.String declared in android.content.Context' type=@[EnhancedNullability] kotlin.String origin=null
                        $this: GET_VAR 'val context: android.content.Context [val] declared in com.sample.factpedia.core.util.ToUiMessageResKt.toUiMessageRes' type=android.content.Context origin=null
                        p0: GET_FIELD 'FIELD IR_EXTERNAL_JAVA_DECLARATION_STUB name:error_unavailable type:kotlin.Int visibility:public [static] declared in com.sample.factpedia.core.R.string' type=kotlin.Int superQualifierSymbol=com.sample.factpedia.core.R.string origin=null
                    CALL 'public final fun checkNotNullExpressionValue (value: kotlin.Any?, expression: kotlin.String): kotlin.Unit declared in kotlin.jvm.internal.Intrinsics' type=kotlin.Unit origin=null
                      value: GET_VAR 'val tmp7: kotlin.Any? [val] declared in com.sample.factpedia.core.util.ToUiMessageResKt.toUiMessageRes' type=kotlin.Any? origin=null
                      expression: CONST String type=kotlin.String value="getString(...)"
                    GET_VAR 'val tmp7: kotlin.Any? [val] declared in com.sample.factpedia.core.util.ToUiMessageResKt.toUiMessageRes' type=kotlin.Any? origin=null
                BRANCH
                  if: CALL 'public final fun EQEQ (arg0: kotlin.Any?, arg1: kotlin.Any?): kotlin.Boolean declared in kotlin.internal.ir' type=kotlin.Boolean origin=null
                    arg0: GET_VAR 'val tmp0: kotlin.Int [val] declared in com.sample.factpedia.core.util.ToUiMessageResKt.toUiMessageRes' type=kotlin.Int origin=null
                    arg1: CONST Int type=kotlin.Int value=9
                  then: BLOCK type=kotlin.String origin=null
                    VAR IR_TEMPORARY_VARIABLE name:tmp8 type:kotlin.Any? [val]
                      CALL 'public final fun getString (p0: kotlin.Int): @[EnhancedNullability] kotlin.String declared in android.content.Context' type=@[EnhancedNullability] kotlin.String origin=null
                        $this: GET_VAR 'val context: android.content.Context [val] declared in com.sample.factpedia.core.util.ToUiMessageResKt.toUiMessageRes' type=android.content.Context origin=null
                        p0: GET_FIELD 'FIELD IR_EXTERNAL_JAVA_DECLARATION_STUB name:error_precondition_failed type:kotlin.Int visibility:public [static] declared in com.sample.factpedia.core.R.string' type=kotlin.Int superQualifierSymbol=com.sample.factpedia.core.R.string origin=null
                    CALL 'public final fun checkNotNullExpressionValue (value: kotlin.Any?, expression: kotlin.String): kotlin.Unit declared in kotlin.jvm.internal.Intrinsics' type=kotlin.Unit origin=null
                      value: GET_VAR 'val tmp8: kotlin.Any? [val] declared in com.sample.factpedia.core.util.ToUiMessageResKt.toUiMessageRes' type=kotlin.Any? origin=null
                      expression: CONST String type=kotlin.String value="getString(...)"
                    GET_VAR 'val tmp8: kotlin.Any? [val] declared in com.sample.factpedia.core.util.ToUiMessageResKt.toUiMessageRes' type=kotlin.Any? origin=null
                BRANCH
                  if: CONST Boolean type=kotlin.Boolean value=true
                  then: BLOCK type=kotlin.Nothing origin=null
                    CALL 'public final fun noWhenBranchMatchedException (): kotlin.Nothing declared in kotlin.internal.ir' type=kotlin.Nothing origin=null
                    CALL 'public final fun throwKotlinNothingValueException (): kotlin.Nothing declared in kotlin.jvm.internal.Intrinsics' type=kotlin.Nothing origin=null
          BRANCH
            if: CONST Boolean type=kotlin.Boolean value=true
            then: BLOCK type=kotlin.Nothing origin=null
              CALL 'public final fun noWhenBranchMatchedException (): kotlin.Nothing declared in kotlin.internal.ir' type=kotlin.Nothing origin=null
              CALL 'public final fun throwKotlinNothingValueException (): kotlin.Nothing declared in kotlin.jvm.internal.Intrinsics' type=kotlin.Nothing origin=null

	at org.jetbrains.kotlin.backend.jvm.codegen.FunctionCodegen.generate(FunctionCodegen.kt:48)
	at org.jetbrains.kotlin.backend.jvm.codegen.FunctionCodegen.generate$default(FunctionCodegen.kt:41)
	at org.jetbrains.kotlin.backend.jvm.codegen.ClassCodegen.generateMethodNode(ClassCodegen.kt:405)
	at org.jetbrains.kotlin.backend.jvm.codegen.ClassCodegen.generateMethod(ClassCodegen.kt:422)
	at org.jetbrains.kotlin.backend.jvm.codegen.ClassCodegen.generate(ClassCodegen.kt:167)
	at org.jetbrains.kotlin.backend.jvm.JvmIrCodegenFactory.generateFile$lambda$18(JvmIrCodegenFactory.kt:398)
	at org.jetbrains.kotlin.backend.common.phaser.PhaseBuildersKt$createSimpleNamedCompilerPhase$1.phaseBody(PhaseBuilders.kt:68)
	at org.jetbrains.kotlin.config.phaser.SimpleNamedCompilerPhase.phaseBody(CompilerPhase.kt:215)
	at org.jetbrains.kotlin.config.phaser.NamedCompilerPhase.invoke(CompilerPhase.kt:111)
	at org.jetbrains.kotlin.backend.common.phaser.PerformByIrFilePhase.invokeSequential(performByIrFile.kt:51)
	... 44 more
Caused by: org.jetbrains.kotlin.codegen.CompilationException: Back-end (JVM) Internal error: Couldn't inline method call: CALL 'public final fun <get-current> (): T of androidx.compose.runtime.CompositionLocal [inline] declared in androidx.compose.runtime.CompositionLocal' type=android.content.Context origin=GET_PROPERTY
Method: null
File is unknown
The root cause java.lang.IllegalStateException was thrown at: org.jetbrains.kotlin.codegen.inline.SourceCompilerForInlineKt.getMethodNode(SourceCompilerForInline.kt:128)
	at org.jetbrains.kotlin.codegen.inline.InlineCodegen.performInline(InlineCodegen.kt:65)
	at org.jetbrains.kotlin.backend.jvm.codegen.IrInlineCodegen.genInlineCall(IrInlineCodegen.kt:163)
	at org.jetbrains.kotlin.backend.jvm.codegen.IrInlineCallGenerator.genCall(IrInlineCallGenerator.kt:36)
	at org.jetbrains.kotlin.backend.jvm.codegen.ExpressionCodegen.visitCall(ExpressionCodegen.kt:594)
	at org.jetbrains.kotlin.backend.jvm.codegen.ExpressionCodegen.visitCall(ExpressionCodegen.kt:135)
	at org.jetbrains.kotlin.ir.expressions.IrCall.accept(IrCall.kt:24)
	at org.jetbrains.kotlin.backend.jvm.codegen.ExpressionCodegen.visitVariable(ExpressionCodegen.kt:734)
	at org.jetbrains.kotlin.backend.jvm.codegen.ExpressionCodegen.visitVariable(ExpressionCodegen.kt:135)
	at org.jetbrains.kotlin.ir.declarations.IrVariable.accept(IrVariable.kt:36)
	at org.jetbrains.kotlin.backend.jvm.codegen.ExpressionCodegen.visitStatementContainer(ExpressionCodegen.kt:520)
	at org.jetbrains.kotlin.backend.jvm.codegen.ExpressionCodegen.visitBlockBody(ExpressionCodegen.kt:525)
	at org.jetbrains.kotlin.backend.jvm.codegen.ExpressionCodegen.visitBlockBody(ExpressionCodegen.kt:135)
	at org.jetbrains.kotlin.ir.expressions.IrBlockBody.accept(IrBlockBody.kt:20)
	at org.jetbrains.kotlin.backend.jvm.codegen.ExpressionCodegen.generate(ExpressionCodegen.kt:237)
	at org.jetbrains.kotlin.backend.jvm.codegen.FunctionCodegen.doGenerate(FunctionCodegen.kt:124)
	at org.jetbrains.kotlin.backend.jvm.codegen.FunctionCodegen.generate(FunctionCodegen.kt:45)
	... 53 more
Caused by: java.lang.IllegalStateException: couldn't find inline method Landroidx/compose/runtime/CompositionLocal;.getCurrent()Ljava/lang/Object;
	at org.jetbrains.kotlin.codegen.inline.SourceCompilerForInlineKt.getMethodNode(SourceCompilerForInline.kt:128)
	at org.jetbrains.kotlin.codegen.inline.SourceCompilerForInlineKt.loadCompiledInlineFunction(SourceCompilerForInline.kt:97)
	at org.jetbrains.kotlin.backend.jvm.codegen.IrSourceCompilerForInline.compileInlineFunction(IrSourceCompilerForInline.kt:92)
	at org.jetbrains.kotlin.codegen.inline.InlineCodegen.compileInline(InlineCodegen.kt:42)
	at org.jetbrains.kotlin.codegen.inline.InlineCodegen.performInline(InlineCodegen.kt:50)
	... 68 more


